<?xml version="1.0" encoding="UTF-8"?>
<!-- Generated by org.testng.reporters.JUnitXMLReporter -->
<testsuite hostname="DESKTOP-QI6818R" ignored="0" name="Fee CRM App Test Cases" tests="6" failures="1" timestamp="26 Jun 2018 06:34:30 GMT" time="85.472" errors="0">
  <testcase name="loginPageTitle" time="0.052" classname="com.crm.qa.testcases.LoginPageTest"/>
  <testcase name="verifyHomePageTitleTest" time="0.306" classname="com.crm.qa.testcases.HomePageTest">
    <failure type="java.lang.AssertionError" message="Home page Tittle not matching expected [CRMPR] but found [CRMPRO]">
      <![CDATA[java.lang.AssertionError: Home page Tittle not matching expected [CRMPR] but found [CRMPRO]
at com.crm.qa.testcases.HomePageTest.verifyHomePageTitleTest(HomePageTest.java:32)
... Removed 30 stack frames]]>
    </failure>
  </testcase> <!-- verifyHomePageTitleTest -->
  <testcase name="crmImageLogoTest" time="0.076" classname="com.crm.qa.testcases.LoginPageTest"/>
  <testcase name="verifyContactLinkText" time="1.504" classname="com.crm.qa.testcases.HomePageTest"/>
  <testcase name="loginTest" time="4.565" classname="com.crm.qa.testcases.LoginPageTest"/>
  <testcase name="verifyUserNameTest" time="0.391" classname="com.crm.qa.testcases.HomePageTest"/>
</testsuite> <!-- Fee CRM App Test Cases -->
